<?xml version="1.0" encoding="UTF-8"?>
<testng-results ignored="0" total="1" passed="1" failed="0" skipped="0">
  <reporter-output>
  </reporter-output>
  <suite started-at="2023-10-24T12:48:24 IST" name="Default suite" finished-at="2023-10-24T12:48:31 IST" duration-ms="6669">
    <groups>
    </groups>
    <test started-at="2023-10-24T12:48:24 IST" name="Default test" finished-at="2023-10-24T12:48:31 IST" duration-ms="6669">
      <class name="extentReports.LearnExtentReport">
        <test-method signature="extentRepo()[pri:0, instance:extentReports.LearnExtentReport@4550bb58]" started-at="2023-10-24T12:48:24 IST" name="extentRepo" finished-at="2023-10-24T12:48:31 IST" duration-ms="6613" status="PASS">
          <reporter-output>
          </reporter-output>
        </test-method> <!-- extentRepo -->
      </class> <!-- extentReports.LearnExtentReport -->
    </test> <!-- Default test -->
  </suite> <!-- Default suite -->
</testng-results>
